[dotenv@17.3.1] injecting env (17) from .env -- tip: 🔐 prevent committing .env to code: https://dotenvx.com/precommit
🔌 Connecting to MongoDB...
🔍 Found 195 posts to check.
📡 Scraping summary for: “நண்பராக வந்தேன்” – மார்க்சிஸ்ட் அலுவலகத்தில் வைகோ விளக்கம்!
✅ Found: மார்க்சிஸ்ட் பொதுச்செயலாளர் பேபியை நண்பன் என்ற முற...
📡 Scraping summary for: “இந்த முறை கோப்பை தான் டார்கெட்” – PBKS கேப்டன் ஷ்ரேயஸ் ஐயர் உறுதி!
✅ Found: இந்த ஆண்டு ஐபிஎல் போட்டிக்கு எதிர்பார்ப்புகள் அதிக...
📡 Scraping summary for: “விஜய் வீட்டு வாசல் தட்டும் பழனிசாமி” – ஓபிஎஸ் கடும் விமர்சனம்!
✅ Found: எடப்பாடி பழனிசாமி, தேர்தலுக்காகவும் கூட்டணிக்காகவு...
📡 Scraping summary for: ஈரான் போர் முடிவா? – தடைகளை தளர்த்திய ட்ரம்ப் முக்கிய அறிவிப்பு!
✅ Found: ஈரான் மீதான போரை முடித்துக் கொள்வது குறித்து பரிசீ...
📡 Scraping summary for: இல்லத்தரசிகளுக்கு மகிழ்ச்சியான செய்தி&#8230;தங்கம் விலை குறைவு!
✅ Found: சென்னையில் தங்கம் விலை சவரனுக்கு ரூ.2,640 குறைந்து...
📡 Scraping summary for: “25 ஆண்டுகளாக போராடி வந்தோம்” – விசிக குறித்து திருமாவளவன் உரை!
✅ Found: விசிக, 25 ஆண்டுகளை கடந்து வந்தாலும் கூட இந்த களம் ...
📡 Scraping summary for: IPL 2026க்கு பெரிய அதிர்ச்சி – காயம் காரணமாக வெளியேறும் வீரர்கள் பட்டியல்!
✅ Found: ஐபிஎல் போட்டி நெருங்கியுள்ள நிலையில், எந்தெந்த அணி...
📡 Scraping summary for: “ஈரான் பலவீனமடைந்தது” – போரில் முன்னிலை என நெதன்யாகு அறிவிப்பு!
✅ Found: ஈரான் மீதான எரிவாயு நிலையத் தாக்குதல்களைத் தற்காலி...
📡 Scraping summary for: இந்தியாவில் பிரிமியம் பெட்ரோல் விலை உயர்வு – காரணம் என்ன?
✅ Found: சாதாரண பெட்ரோல் விலையில் எந்த மாற்றமும் இல்லை ப்ரீ...
📡 Scraping summary for: சேலம் அருகே அரசுப் பேருந்து மோதி பயங்கர விபத்து..7 பேர் பலி!
✅ Found: ஆட்சியில் அரசுப் பேருந்துகள் முறையாக பராமரிக்கப்பட...
📡 Scraping summary for: தவெக அதிரடி! – புதுச்சேரியில் 30 வேட்பாளர்கள் பெயர் நாளை அறிவிப்பு!
✅ Found: புதுச்சேரியில் தவெக வேட்பாளர்கள் 30 நபர்களின் பெயர...
📡 Scraping summary for: தூத்துக்குடி அதிர்ச்சி: விளாத்திகுளத்தில் மாணவி உடல் ஒப்படைப்பு!
✅ Found: தூத்துக்குடி விளாத்திகுளத்தில் பாலியல் வன்கொடுமை ச...
📡 Scraping summary for: டெல்லி கேபிடல்ஸுக்கு பெரிய பின்னடைவு – ஸ்டார்க் ‘Missing’ சிக்னல்!
✅ Found: பணிச்சுமை காரணமாக ஐபிஎல் தொடரின் தொடக்க போட்டிகளில...
📡 Scraping summary for: எந்தெந்த தொகுதி? எத்தனை தொகுதி என்பது எனக்கு தான் தெரியும்- டிடிவி!
✅ Found: கூட்டணியில் உள்ள முக்கியத் தலைவர் என்பதால் அமித் ஷ...
📡 Scraping summary for: எடப்பாடி பழனிசாமியின் டெல்லி பயணம் எதற்கு..? -முதலமைச்சர் ஸ்டாலின் கேள்வி!
✅ Found: அவர்கள் தமிழ்நாட்டையும் டெல்லியிடம் அடகு வைக்கத் த...
📡 Scraping summary for: இன்றைய தங்கம் மற்றும் வெள்ளி விலை நிலவரம்!
✅ Found: ஆபரணத் தங்கத்தின் விலை இன்று சவரனுக்கு ரூ.400 உயர்...
📡 Scraping summary for: “தவெக கூட்டணி பேச்சே இல்லை” – இபிஎஸ் தெளிவான பதில்!
✅ Found: தவெகவுடன் கூட்டணி குறித்து எந்த பேச்சுவார்த்தையும்...
📡 Scraping summary for: “அழுத்தமின்றி விசாரணை” – மாணவி கொலை வழக்கில் எஸ்.பி. மதன் விளக்கம்!
✅ Found: குற்றவாளிக்கு உச்சபட்ச தண்டனை பெற்றுத்தர நடவடிக்கை...
📡 Scraping summary for: Back-to-Back ஐபிஎல் கோப்பை! –பெங்களூர் குறித்து  டி வில்லியர்ஸ்!
✅ Found: ஆர்சிபி அணியில் விராட் கோலியைச் சுற்றிப் போராளிகள்...
📡 Scraping summary for: தமிழகத்தில் வெப்பநிலை உயரும்&#8230;வானிலை ஆய்வு மையம் அலர்ட்!
✅ Found: தமிழகம், புதுவை மற்றும் காரைக்கால் பகுதிகளில் அதிக...
📡 Scraping summary for: விஜய்யின் வருகை நாதக வாக்கு வங்கியை பாதிக்காது &#8211; சீமான்!
✅ Found: விஜய்யின் வருகை நாதக வாக்கு வங்கியை பாதிக்காது என ...
📡 Scraping summary for: தவெக நிர்வாகியான ஆதவ் அர்ஜூனா, எனக்கு யார்? &#8211; நயினார் நாகேந்திரன்!
✅ Found: தவெகவுடன் இதுவரை எந்த கூட்டணி பேச்சுவார்த்தை நடத்த...
📡 Scraping summary for: விளாத்திகுளம் மாணவி கொலை வழக்கில் ஒருவர் கைது!
✅ Found: தூத்துக்குடி, விளாத்திகுளம் +2 மாணவி கொடூர கொலை சம...
📡 Scraping summary for: தமிழ்நாட்டிற்கு 5 தலைநகரங்கள்! -தேர்தல் அறிக்கையை வெளியிட்ட சீமான்!
✅ Found: நாம் தமிழா் கட்சியின் 2026ஆம் ஆண்டு சட்டமன்ற தோ்தல...
📡 Scraping summary for: யாரும் விஜயுடன் பேச்சுவார்த்தை நடத்தவில்லை &#8211; ராஜேந்திர பாலாஜி பேட்டி!
✅ Found: அதிமுக தலைவர்கள் யாரும் விஜயுடன் பேச்சுவார்த்தை நட...
📡 Scraping summary for: தங்கம் விலை சவரனுக்கு ரூ.2,160 குறைந்தது!
✅ Found: சென்னையில் தங்கம் விலை சவரனுக்கு ரூ.2,160 குறைந்து...
📡 Scraping summary for: ஈரான் எண்ணெய் தளங்கள் மீது தாக்குதல் இல்லை – டிரம்ப் முக்கிய அறிவிப்பு!
✅ Found: ஈரானின் தெற்கு பார்ஸ் எரிவாயு கிடங்கு மீதான இஸ்ரேல...
📡 Scraping summary for: ஏப்.23 தேர்தல் நாள் – ஊதியத்துடன் விடுமுறை அறிவிப்பு!
✅ Found: விடுமுறை அளிக்காத நிறுவனங்கள் மீது நடவடிக்கை எடுக்...
📡 Scraping summary for: IPL 2026 : “இந்த முறை கோலிக்கு எளிதல்ல” – இர்பான் பதான் எச்சரிக்கை!
✅ Found: இந்த முறை கோலிக்கு நிலைமை வழக்கத்தை விட சற்று வித்...
📡 Scraping summary for: ஜனநாயகனுக்கு மீண்டும் ஒரு சிக்கல்?
✅ Found: அரசியல் கட்சி தலைவர் நடித்திருக்கும் படம் என்ற அடி...
📡 Scraping summary for: டெல்லி தீ விபத்து: அடுக்குமாடி கட்டிடத்தில் 9 பேர் உயிரிழப்பு!
✅ Found: பாலம் பகுதியில் உள்ள பல மாடி குடியிருப்பு கட்டிடத்...
📡 Scraping summary for: தமிழகத்தில் வரும் நாட்களில் மழைக்கு வாய்ப்பு &#8211; வானிலை ஆய்வு மையம் தகவல்!
✅ Found: மார்ச் 20 மற்றும் 21 தேதிகளில் மழை தீவிரம் மேலும் ...
📡 Scraping summary for: பூத் சிலிப் முதல் அடையாள அட்டை வரை – வாக்காளர்களுக்கு EC அறிவிப்பு!
✅ Found: வாக்குப்பதிவுக்கு 5 நாட்களுக்கு முன் வாக்காளர் தகவ...
📡 Scraping summary for: அதிமுக-பாஜக கூட்டணி டீல்: 29 தொகுதிகள் கேட்கும் பாஜக – மார்ச் 20 ஒப்பந்தமா?
✅ Found: நாளை (மார்ச்19) சென்னை வரும் பாஜக மேலிட பொறுப்பாளர...
📡 Scraping summary for: கிம் ஜாங் உன் ஆதிக்கம் தொடர்கிறது – வடகொரிய தேர்தலில் 99.97% ஆதரவு!
✅ Found: வட கொரிய அதிபர் கிம் ஜாங் உன் வெறும் 0.07% எதிர்ப்...
📡 Scraping summary for: திமுக கூட்டணி தொகுதி பங்கீடு: காங்கிரஸ் 28 – மற்ற கட்சிகளுக்கு எத்தனை?
✅ Found: திமுக கூட்டணியில் பங்கீடு விவரம் தற்போது வரை எந்தெ...
📡 Scraping summary for: திமுக கூட்டணியில் இந்திய கம்யூனிஸ்ட் கட்சிக்கு 5 தொகுதிகள் ஒதுக்கீடு &#8211; வீரபாண்டியன்!
✅ Found: எண்ணிக்கையில் ஏற்ற இறக்கமாக இருந்தாலும்.. பாஜகவை வ...
📡 Scraping summary for: தங்கத்தின் விலை சவரனுக்கு ரூ.640 குறைந்தது!
✅ Found: சென்னையில் தங்கம் விலை சவரனுக்கு ரூ.640 குறைந்து ர...
📡 Scraping summary for: தொடரும் இழுபறி&#8230;திமுக &#8211; இந்திய கம்யூனிஸ்ட் கட்சிகள் இடையே 4ம் கட்ட பேச்சுவார்த்தை!
✅ Found: திமுக - இந்திய கம்யூனிஸ்ட் கட்சிகள் இடையே இன்னும் ...
📡 Scraping summary for: CSK கேப்டன் விவாதம்: ருதுராஜ்தான் தொடர வேண்டும் – டி வில்லியர்ஸ் உறுதி!
✅ Found: ருதுராஜ் கெய்க்வாட்டை கேப்டனாக தொடர வைப்பதில் அவர்...
📡 Scraping summary for: பெரும் பதற்றம்! ஈரான் தலைவரான அலி லாரிஜானி தாக்குதலில் பலி? இஸ்ரேல் அறிவிப்பு!
✅ Found: ஈரானின் மிக மூத்த தலைவரான அலி லாரிஜானியை படுகொலை ச...
📡 Scraping summary for: மூவர் சஸ்பெண்ட்! பாஜகக்கு வாக்களித்த காங்கிரஸ் எம்.எல்.ஏ.க்கள் மீது நடவடிக்கை!
✅ Found: காங்கிரஸ் எம்.எல்.ஏ.க்கள் மூவர் சஸ்பெண்ட் ரமேஷ் ஜெ...
📡 Scraping summary for: “தவறுதலாக நடந்தது” – நயன்தாரா விவகாரத்தில் சி.வி. சண்முகம் மன்னிப்பு!
✅ Found: மு.க.ஸ்டாலின் கனவுத் திட்டத்துடன் நயன்தாரவை சம்மந்...
📡 Scraping summary for: SRH கேப்டன் மாற்றமா? – கம்மின்ஸ்க்கு பதிலாக இஷான் கிஷன்?
✅ Found: கம்மின்ஸ் 2025 ஜூலையில் தனது சொந்த மண்ணில் மேற்கிந...
📡 Scraping summary for: காலம் பேசாது காத்திருந்து பதில் சொல்லும்&#8230;ஆதவ் அர்ஜுனாவுக்கு ரஜினிகாந்த் கண்டனம்!
✅ Found: விஜய் கட்சி பிரமுகரான ஆதவ் அர்ஜுனா, சமீபத்தில் என்...
📡 Scraping summary for: இபிஎஸ் தலைமையில் NDA ஆர்ப்பாட்டம்!
✅ Found: போதைப்பொருள் கடத்தல் மற்றும் அதன் விளைவுகள் குறித்...
📡 Scraping summary for: பெரம்பூர் தொகுதியில் களமிறங்கும் தவெக தலைவர் விஜய்!
✅ Found: பெரம்பூர் தொகுதியில் த.வெ.க. அலுவலகம் அமைக்கும் பண...
📡 Scraping summary for: ஆப்கானிஸ்தான் மீது பாகிஸ்தான் தாக்குதல் – 400க்கும் மேற்பட்டோர் உயிரிழப்பு!
✅ Found: ஆப்கானிஸ்தான் மீது பாகிஸ்தான் நடத்திய கொடூரத் தாக்...
📡 Scraping summary for: மீண்டும் குறைந்தது தங்கம் விலை&#8230;நகைப்பிரியர்களுக்கு குஷி!
✅ Found: சென்னையில் ஆபரணத் தங்கம் விலை சவரனுக்கு ரூ.480 குற...
📡 Scraping summary for: கரூர் கூட்ட நெரிசல் கேஸ்: செந்தில் பாலாஜியை டெல்லி அழைத்த CBI – இன்று விசாரணை!
✅ Found: கரூரில் தவெக தலைவர் விஜய் பரப்புரை கூட்டத்தில் ஏற்...
📡 Scraping summary for: சென்னை அணியில் சாம்சன் 3-வது இடத்தில் பேட் செய்யவேண்டும் &#8211; சஞ்சய் பங்கர் ஸ்பீச்!
✅ Found: ஆயுஷ் மாத்ரே ருதுராஜுடன் தொடக்கத்தில் ஆடலாம். சஞ்ச...
📡 Scraping summary for: முடிவுக்கு வருமா ஜனநாயகன் பட பிரச்னை? நாளை படம் பார்க்கும் சென்சார் குழு!
✅ Found: விஜயின் ஜனநாயகன் திரைப்படத்தை சென்சார் போர்டின் மற...
📡 Scraping summary for: ஆதவ்-ஐ விஜய் கண்டிக்க வேண்டும் -நயினார் நாகேந்திரன் கண்டனம்!
✅ Found: ரஜினிகாந்தை பற்றி ஆதவ் அர்ஜுனா தவறாக பேசியதாக குற்...
📡 Scraping summary for: நட்பு நாடுகளுக்கு ட்ரம்ப் கடும் எச்சரிக்கை… ஹார்முஸ் விவகாரம்!
✅ Found: NATO அமைப்பின் எதிர்காலத்தை மிக மோசமாக பாதிக்கும் ...
📡 Scraping summary for: உழைப்பை அள்ளிக்கொடுங்கள்!  உதயசூரியன் உதிக்கட்டும் &#8211; மு.க.ஸ்டாலின்!
✅ Found: இந்தியாவிலேயே முதன்மை மாநிலமாகத் தமிழ்நாட்டை முன்ன...
📡 Scraping summary for: வருண் சக்கரவர்த்தி மீண்டும் அசத்துவார் – ஹர்பஜன் சிங் ஸ்பீச்!
✅ Found: வருண் சக்ரவர்த்தி 2026 டி20 உலகக் கோப்பையில் ஒன்பத...
📡 Scraping summary for: கூட்டணி குறித்து எந்த பேச்சுவார்த்தையும் நடைபெறவில்லை &#8211; தவெக விளக்கம்!
✅ Found: எந்த கட்சியுடனும், எந்த விதமான பேச்சுவார்த்தை, எந்...
📡 Scraping summary for: மார்ச் 30ம் தேதி வேட்புமனுத் தாக்கல் தொடங்கும் &#8211; அர்ச்சனா பட்நாயக் தகவல்!
✅ Found: தேர்தல் ஏற்பாடுகள் தொடர்பாக தமிழ்நாடு தலைமைத் தேர்...
📡 Scraping summary for: +2 மாணவி கொலை வழக்கு: ஒருவரிடம் போலீஸ் தீவிர விசாரணை!
✅ Found: +2 மாணவி கொல்லப்பட்டது தொடர்பாக ஒருவரிடம் போலீஸ் வ...
📡 Scraping summary for: 98வது ஆஸ்கர் விருது பட்டியல் வெளியீடு! எந்த படம், யார் வென்றார்கள்?
✅ Found: சிறந்த படத்திற்கான ஆஸ்கார் One Battle After Anothe...
📡 Scraping summary for: “பாஜக அதிமுகவை விழுங்கி துப்பிவிடும்” – துணைமுதல்வர் உதயநிதி ஸ்டாலின் தாக்கு!
✅ Found: சட்டமன்ற தேர்தலுக்காக ஓய்வின்றி உழைக்குமாறு திமுக ...
📡 Scraping summary for: ஹாப்பி நியூஸ்.. தங்கம் விலை கடும் சரிவு
✅ Found: தங்கம் விலை ஒரு சவரன் ஆபரண தங்கம் ரூ.1,17,680க்கும...
📡 Scraping summary for: “விஜய்யை எதிர்கால முதலமைச்சராக மக்கள் ஏற்றுக்கொண்டுவிட்டனர்” – செங்கோட்டையன்!
✅ Found: தவெகவுக்கு தன்மானம் இருக்கிறது விஜய்யை முதலமைச்சரா...
📡 Scraping summary for: “பல விளையாட்டுகளை முயற்சி செய்யுங்கள்” தோனி முக்கிய அட்வைஸ்!
✅ Found: இளைஞர்கள் வெவ்வேறு விளையாட்டுகளை முயற்சி செய்ய வேண...
📡 Scraping summary for: பாசி பிடித்த குடிநீர் கேன் விற்றால் ரூ.5,000 அபராதம் – அரசு எச்சரிக்கை!
✅ Found: பாசி பிடித்த, அசுத்தமான கேன்களில் தண்ணீர் விற்பனை ...
📡 Scraping summary for: கரூர் சம்பவம்: சிபிஐ விசாரணைக்கு டெல்லி புறப்பட்டார் விஜய்!
✅ Found: தவெக தலைவர் விஜய் கரூர் துயர சம்பவம் சிபிஐ விசாரணை...
📡 Scraping summary for: பவர்ப்ளே பிரச்சினை முடிந்தது…CSK-க்கு சாம்சன் பெரிய பலம்- பியூஷ் சாவ்லா!
✅ Found: சஞ்சு சாம்சன் தனியாகவே போட்டியை மாற்றக்கூடிய வீரர்...
📡 Scraping summary for: விஜய், என்டிஏ கூட்டணிக்கு வருவாரா என தெரியாது- நயினார் நாகேந்திரன் ஸ்பீச்!
✅ Found: விஜய் அவர்கள் NDA கூட்டணிக்கு வருவாரா? என்பது பற்ற...
📡 Scraping summary for: எங்களுக்கு அதிக தொகுதிகள் கொடுக்க முடியாது என்று சொல்வதில் நியாயம் இல்லை &#8211; பெ.சண்முகம்!
✅ Found: தொகுதிகளை குறைத்தால் ஏற்பதா என்பது குறித்து எங்கள்...
📡 Scraping summary for: ஹார்முஸ் நீரிணை விவகாரம்… ஈரானுக்கு ட்ரம்ப் கடும் எச்சரிக்கை!
✅ Found: ஈரானின் ராணுவமும் பயங்கரவாத ஆட்சியும் பணிந்துபோவது...
📡 Scraping summary for: கேன்களில் பெட்ரோல் தர மறுத்தால் மிரட்டல் – பங்க் உரிமையாளர்கள் புகார்!
✅ Found: பெட்ரோல் நிலையங்களுக்குத் தகுந்த காவல்துறை பாதுகாப...
📡 Scraping summary for: நகைப்பிரியர்களுக்கு குட் நியூஸ்… தங்கம் விலை திடீர் சரிவு
✅ Found: தங்கம் விலை இன்றும் குறைந்துள்ளது. அந்த வகையில் கி...
📡 Scraping summary for: ஒவ்வொரு துளி இரத்தத்திற்கும் பழி தீர்ப்போம் – ஈரான் எச்சரிக்கை!
✅ Found: ஈரானின் 90% எண்ணெய் ஏற்றுமதியை கையாளும் கார்க் தீவ...
📡 Scraping summary for: IPL2026 : “கோலியிடம் இன்னும் வெற்றிப் பசி உள்ளது” – இர்பான் பதான்
✅ Found: இந்த சீசனில் அவர் திரும்பும்போது அதே மாதிரியான ஆர்...
📡 Scraping summary for: என்ஜாய் எஞ்சாமி’ ராயல்டி சர்ச்சை… அறிவு &#8211; சந்தோஷ் நாராயணன் மோதல்
✅ Found: ஐந்து ஆண்டுகள் ஆனபோதும் தனக்கான நியாயம் கிடைக்கவில...
📡 Scraping summary for: ரஜினி குறித்து ஆதவ் அர்ஜுனா பேச்சு… திருமாவளவன் பதிலடி!
✅ Found: அரசியல் அதிகாரம், ஆட்சி போன்றவற்றுக்கு மயங்கக்கூடி...
📡 Scraping summary for: தூத்துக்குடி மாணவி கொலை : 10 தனிப்படைகள் அமைக்கப்பட்டுள்ளது  &#8211; கனிமொழி எம்.பி!
✅ Found: மிகப்பெரிய கொடுமை நடந்திருக்கு.. குற்றவாளிகளுக்கு ...
📡 Scraping summary for: அ.இ.பு.ம.மு.க. என்ற கட்சியை தொடங்கினார் சசிகலா!
✅ Found: அனைத்திந்திய புரட்சித் தலைவர் மக்கள் முன்னேற்றக் க...
📡 Scraping summary for: நன்றி மறந்தவர் எடப்பாடி பழனிசாமி &#8211; ஓபிஎஸ் கடும் தாக்கு!
✅ Found: நன்றி மறந்தவர்களுக்கு தமிழ்நாட்டு மக்கள் எப்போதுமே...
📡 Scraping summary for: ஹார்முஸ் வழியாக இந்திய கப்பல்களுக்கு அனுமதி? – வெளியுறவுத்துறை மறுப்பு!
✅ Found: ஹார்முஸ் நீரிணை வழியாக செல்ல இந்தியக் கப்பல்களுக்க...
📡 Scraping summary for: ரேசிங் ஆர்வத்திற்கு பாராட்டு… அஜித்துக்கு 30 லட்சம் கார் பரிசு!
✅ Found: மகிந்திரா கார் நிறுவனம் நடிகர் அஜித்குமாருக்கு 30 ...
📡 Scraping summary for: அதிமுகவில் இணைந்தார் காளியம்மாள்!
✅ Found: நாம் தமிழர் கட்சியில் இருந்து விலகிய காளியம்மாள் எ...
📡 Scraping summary for: தங்கம் விலை சவரனுக்கு ரூ.560 குறைந்தது!
✅ Found: சென்னையில் தங்கம் விலை சவரனுக்கு ரூ.560 குறைந்து ர...
📡 Scraping summary for: போர் தொடரும்… ஈரான் உச்சத் தலைவர் கடும் எச்சரிக்கை!
✅ Found: போரில் உயிர்நீத்த ஒவ்வொருவருக்காகவும் அமெரிக்காவை ...
📡 Scraping summary for: கப் வேணும்னா வலுவாக ஆட வேண்டும் – மும்பைக்கு சஞ்சய் பங்கர் கொடுத்த அட்வைஸ்!
✅ Found: மும்பை இந்தியன்ஸ் அணி இந்த முறை தொடக்கத்தில் இருந்...
📡 Scraping summary for: அம்மா படத்தையே வைத்துக் கொள்ளுங்கள் என விஜய் சொன்னார் &#8211;  செங்கோட்டையன் ஸ்பீச்!
✅ Found: தவெகவில் இணைந்த பின் பாக்கெட்டில் 3 தலைவர்களின் பு...
📡 Scraping summary for: இந்திய கப்பல்களுக்கு அனுமதி? ஈரான் மறுப்பு!
✅ Found: இந்திய சரக்குக் கப்பல்கள் ஹார்முஸ் நீரிணை வழியாக ச...
📡 Scraping summary for: சென்னையில் பெட்ரோல் பங்குகள் மூடல் – தட்டுப்பாடு அச்சத்தில் மக்கள் கூட்டம்!
✅ Found: தட்டுப்பாடு ஏற்படும் என்ற அச்சத்தில், பொதுமக்கள் அ...
📡 Scraping summary for: தேசியக் கொடி அவமதிப்பு? ஹர்திக் பாண்ட்யா மீது வழக்குப்பதிவு!
✅ Found: டி20 உலகக்கோப்பை வெற்றி கொண்டாட்டத்தின்போது, தேசிய...
📡 Scraping summary for: ஈரானில் தாக்குவதற்கு எதுவும் இல்லை – ட்ரம்ப் பரபரப்பு பேச்சு!
✅ Found: ஈரான் உடனான போரை எந்த நேரத்திலும் நிறுத்துவேன் தற்...
📡 Scraping summary for: தூத்துக்குடி 12ம் வகுப்பு மாணவி கொலை வழக்கு… மகளிர் காவல் ஆய்வாளர் சஸ்பெண்ட்!
✅ Found: மாணவி காணாமல்போனது குறித்து பெற்றோர் புகாரளிக்க செ...
📡 Scraping summary for: ஹார்மோஸ் ஜலசந்தி… இந்திய எண்ணெய் கப்பல்களுக்கு ஈரான் அனுமதி!
✅ Found: ஹார்மோஸ் ஜலசந்தியில் இந்திய எண்ணெய் கப்பல்கள் செல்...
📡 Scraping summary for: சிலிண்டர் நெருக்கடி… இந்தியாவில் நெட்வொர்க் சேவைக்கு ஆபத்து?
✅ Found: அமெரிக்கா - இஸ்ரேல் - ஈரான் போர் பதற்றம் காரணமாக ஏ...
📡 Scraping summary for: அதிரடியாக குறைந்து ஆறுதல் கொடுத்த தங்கம் விலை! இதோ இன்றயை நிலவரம்!
✅ Found: தங்கத்தின் விலையானது கடந்த இரண்டு நாட்களாக உயர்ந்த...
📡 Scraping summary for: தமிழகத்தில் பெண்களுக்கு பாதுகாப்பு எங்கே? – தவெக தலைவர் விஜய் கடும் கண்டனம்!
✅ Found: தூத்துக்குடி அருகே +2 மாணவி பாலியல் வன்கொடுமை செய்...
📡 Scraping summary for: போர் முடிக்க 3 நிபந்தனை – ஈரான் அதிபர் அறிவிப்பு
✅ Found: அமெரிக்கா, இஸ்ரேல் உடனான போரை முடிவுக்குக் கொண்டுவ...
📡 Scraping summary for: வளர்ந்த நாட்டுக்கு வளர்ந்த தமிழ்நாடு அவசியம் &#8211; பிரதமர் மோடி ஸ்பீச்!
✅ Found: தமிழ்நாடு வளர்ச்சிக்காக அயராது பாடுபடுகிறோம், தொடர...
📡 Scraping summary for: கணவரை பிரிந்தார் ஹன்சிகா மோத்வானி – நீதிமன்றம் விவாகரத்து வழங்கியது
✅ Found: 2022ல் இவர்களின் திருமணம் நடந்த நிலையில் 4 வருடங்க...
📡 Scraping summary for: LPG தட்டுப்பாடு… இந்தியாவுக்கு உதவ தயாராக இருக்கோம் &#8211; கனடா பிரதமர்!
✅ Found: வளைகுடா போரால் நாடு முழுவதும் வணிக ரீதியிலான சமையல...
📡 Scraping summary for: தென் தமிழகத்தில் மழைக்கு வாய்ப்பு &#8211; வானிலை மையம் முக்கிய தகவல்!
✅ Found: 13-03-2026 முதல் 16-03-2026 வரை: தென்தமிழக கடலோர ம...
📡 Scraping summary for: துபாயில் ட்ரோன் விபத்து… இந்தியர் உட்பட 4 பேர் படுகாயம்!
✅ Found: துபாய் விமான நிலையத்தை குறிவைத்து ஈரான் நடத்திய ட்...
📡 Scraping summary for: பாமக அங்கீகாரம் ரத்து… அன்புமணியே காரணம் – ராமதாஸ் குற்றச்சாட்டு!
✅ Found: இருதரப்பு வாதங்களுக்காக வழக்கு விசாரணை மார்ச் 13ம்...
📡 Scraping summary for: 3 முதல் 5 நாட்களுக்குள் தமிழ்நாடு தேர்தல் தேதி அறிவிப்பு!
✅ Found: இன்னும் 3 முதல் 5 நாட்களுக்குள் தமிழ்நாடு தேர்தல் ...
📡 Scraping summary for: “இந்தியா கிரிக்கெட்டை அழித்துவிட்டது” – ஷோயப் அக்தர் சர்ச்சை பேச்சு!
✅ Found: கிரிக்கெட்டுக்காக நியூசிலாந்து வெல்ல வேண்டும் என்ற...
📡 Scraping summary for: அரசு எடுத்த முயற்சிக்கு நல்ல பலன் கிடைத்துள்ளது &#8211; முதல்வர் மு.க.ஸ்டாலின்!
✅ Found: தமிழ்நாட்டில் இருந்து UPSC தேர்வில் வெற்றி பெறுபவர...
📡 Scraping summary for: அரசுப் பள்ளி மாணவர்கள் பாதிப்பு… கோவை சம்பவத்திற்கு இபிஎஸ் கண்டனம்!
✅ Found: 43 பேர் மருத்துவமனையில் அனுமதிக்கப்பட்ட செய்தி மிக...
📡 Scraping summary for: தங்கம் விலை &#8211; இன்றைய நிலவரம் என்ன?
✅ Found: சென்னையில் ஆபரணத் தங்கத்தின் விலை கிராமுக்கு ரூ.70...
📡 Scraping summary for: போருக்கும் இந்தியாவில் கேஸ் தட்டுப்பாடுக்கும் என்ன தொடர்பு?
✅ Found: இந்தியாவின் LPG தேவையின் பெரும்பகுதி வெளிநாடுகளிலி...
📡 Scraping summary for: உலகக் கோப்பை வெற்றி… அர்ஷ்தீப் சிங்குக்கு ICC அபராதம்! காரணம் என்ன?
✅ Found: நியூசிலாந்திற்கு எதிரான டி20 உலகக் கோப்பை இறுதிப் ...
📡 Scraping summary for: த.வெ.க கூட்டணி பேச்சு இல்லை – அண்ணாமலை விளக்கம்!
✅ Found: விஜய்யுடன் கூட்டணி பேச்சுவார்த்தை நடத்தப்படவில்லை ...
📡 Scraping summary for: தவெக தலைவர் விஜய் டெல்லி வர வேண்டும் – மீண்டும் சம்மன் அனுப்பிய சிபிஐ!
✅ Found: கரூர் சம்பவத்தில் வரும் 15ம் தேதி நேரில் ஆஜராஜ விஜ...
📡 Scraping summary for: “விஜய்யுடன் காங்கிரஸ் பேச்சு நடந்திருக்கலாம்” – கிரிஷ் சோடங்கர் பேட்டி!
✅ Found: காங்கிரஸ் ஒரு ஜனநாயக இயக்கம் இங்கே பலகுரல்களுக்கும...
📡 Scraping summary for: T20 உலகக் கோப்பை வெற்றி… இந்திய அணிக்கு ரூ.131 கோடி பரிசு – BCCI அறிவிப்பு!
✅ Found: சூர்யகுமார் தலைமையிலான இந்திய அணிக்கு ரூ.131 கோடிய...
📡 Scraping summary for: சிலிண்டர் தட்டுப்பாடு: பிரதமர் மோடி பதவி விலக மக்களவையில் முழக்கம்!
✅ Found: வணிகப் பயன்பாட்டுக்கான சிலிண்டர் பற்றாக்குறையைக் க...
📡 Scraping summary for: LPG பதுக்கினால் 7 ஆண்டுகள் சிறை – ஒன்றிய அரசு எஸ்மா சட்டம் அமல்!
✅ Found: தமிழ்நாட்டில் வீட்டுப் பயன்பாட்டு சிலிண்டர் விநியோ...
📡 Scraping summary for: ஹார்முஸ் தடை செய்தால் 20 மடங்கு பதிலடி – டிரம்ப் கடும் எச்சரிக்கை!
✅ Found: ஹார்முஸ் நீரிணையில் எண்ணெய் போக்குவரத்தை ஈரான் தடு...
📡 Scraping summary for: கரூர் விவகாரம் : “CBI விசாரணைக்கு ஆஜராகிறேன்” &#8211; செந்தில் பாலாஜி!
✅ Found: கரூர் துயரச் சம்பவத்தில் 41 பேர் உயிரிழந்த வழக்கில...
📡 Scraping summary for: தங்கம் விலை சவரனுக்கு ரூ.800 உயர்வு!
✅ Found: சென்னையில் தங்கம் விலை சவரனுக்கு ரூ.800 உயர்ந்து ர...
📡 Scraping summary for: சமையல் எரிவாயு கட்டுப்பாடு: சிலிண்டர் வாங்க 25 நாள் இடைவெளி!
✅ Found: அமெரிக்கா - ஈரான் இடையேயான போர் தீவிரமடைந்து வரும்...
📡 Scraping summary for: “பும்ராவுக்கு இணை யாரும் இல்லை” – இர்பான் பதான் பாராட்டு!
✅ Found: இந்தியா டி20 உலகக்கோப்பையை வென்ற நிலையில் பும்ரா க...
📡 Scraping summary for: ஈரான் போரில் 1,255 பேர் பலி… 200 குழந்தைகள் உயிரிழப்பு!
✅ Found: தாக்குதல்களால் 29 மருத்துவமனைகள் சேதமடைந்துள்ளன இத...
📡 Scraping summary for: மாநிலங்களவை தேர்தல் தேவையில்லை… 6 பேர் ஒருமனதாக தேர்வு!
✅ Found: திமுகவின் திருச்சி சிவா, கான்ஸ்டன்டைன் ரவீந்திரன்,...
📡 Scraping summary for: NDA கூட்டணியில் தவெக? – வதந்திகளுக்கு ஆதவ் அர்ஜுனா விளக்கம்!
✅ Found: பவன் கல்யாண் தவெக தலைவர் விஜயுடன் பேசியதாகவும் NDA...
📡 Scraping summary for: “நான் சொதப்பினாலும் கோச், கேப்டன் என்னை நம்பினார்கள்” – அபிஷேக் சர்மா
✅ Found: இந்தியாவின் டி20 உலகக் கோப்பை வெற்றிக்குப் பிறகு, ...
📡 Scraping summary for: கரூர் கூட்ட நெரிசல் வழக்கு: மீண்டும் நேரில் ஆஜராக விஜய்க்கு CBI சம்மன்!
✅ Found: மார்ச் 10 ஆம் தேதி விசாரணைக்கு ஆஜராகுமாறு நடிகரும்...
📡 Scraping summary for: 87 வயதில் நிர்வாக முடிவுகள் எடுக்க முடியாது– ராமதாஸ் குறித்து அன்புமணி தரப்பு மனு
✅ Found: பாமக பெயர், சின்னம் தொடர்பாக நிறுவனர் ராமதாஸ் தொடர...
📡 Scraping summary for: போர் தாக்கம்… வணிக சிலிண்டர் விநியோகம் நிறுத்தம்?
✅ Found: வணிகப் பயன்பாட்டு சிலிண்டர் விநியோகம் தற்காலிகமாக ...
📡 Scraping summary for: T20WC : மூன்றாவது முறையாக கோப்பையை வென்ற இந்திய&#8230;பரிசுத்தொகை எவ்வளவு தெரியுமா?
✅ Found: இந்த வெற்றியால் இந்திய அணி USD 2.34 மில்லியன் (சும...
📡 Scraping summary for: “ஒரே நாடு ஒரே தேர்தல் – ஜனநாயகத்துக்கு ஆபத்து” : ஸ்டாலின் கடும் எதிர்ப்பு
✅ Found: ஒரே நாடு ஒரே தேர்தல் என்பது ஒரு நோயைக் குணப்படுத்த...
📡 Scraping summary for: தங்கம் விலை சவரனுக்கு ரூ.800 குறைவு!
✅ Found: சென்னையில் ஆபரண தங்கத்தின் விலை சவரனுக்கு ரூ.800 க...
📡 Scraping summary for: மகளிருக்கு மாதம் ரூ.2,500 வழங்கப்படும் &#8211; த.வெ.க தலைவர் விஜய் வாக்குறுதி!
✅ Found: தவெக ஆட்சி அமைந்த உடன் குடும்பத்தலைவிகளுக்கு மாதந்...
📡 Scraping summary for: “தாக்கமாட்டோம் அண்டை நாடுகள் இலக்கு இல்லை” – ஈரான் அரசு அறிவிப்பு
✅ Found: இனிமேல் அண்டை நாடுகள் மீது தாக்குதல் நடத்த மாட்டோம...
📡 Scraping summary for: கோவை மாணவி பாலியல் வழக்கு: 3 பேருமே குற்றவாளி வாழ்நாள் சிறை!
✅ Found: வழக்கில் கடந்த ஜனவரி 8ஆம் தேதி 270 பக்கங்கள் கொண்ட...
📡 Scraping summary for: இன்றும், நாளையும்  மழைக்கு வாய்ப்பு&#8230;வானிலை மையம் தகவல்!
✅ Found: நீலகிரி மற்றும் கோயம்புத்தூர் மாவட்டங்களில் இன்றும...
📡 Scraping summary for: ஹார்முஸ் மூடல் தாக்கம்… உலகம் முழுவதும் எரிபொருள் தட்டுப்பாடு அபாயம்!
✅ Found: உள்நாட்டு தேவையை சமாளிக்க எரிபொருள் ஏற்றுமதியை நிற...
📡 Scraping summary for: என்னை வீட்டிற்குள் அனுமதிக்க மறுக்கிறார் விஜய் &#8211; மனைவி சங்கீதா மனு?
✅ Found: விவாகரத்து முடியும் வரை விஜய் வீட்டில் வசிக்க எனக்...
📡 Scraping summary for: டிரம்பை கொலை செய்ய சதி… பாகிஸ்தான் நபர் கைது வழக்கு தீர்ப்பு!
✅ Found: காசிம் சுலைமானி கொல்லப்பட்டதற்கு பழிவாங்கும் விதமா...
📡 Scraping summary for: “50 நாளுக்கு ஒருமுறை தமிழ்நாடு சுற்றி வருவாங்க!” – உதயநிதி ஸ்டாலின் கிண்டல்!
✅ Found: ஒவ்வொரு தேர்தலும் நெருங்கும் போது.. தேர்தல் வருகிற...
📡 Scraping summary for: அவரையும் ஆதரிக்கணும்..விமர்சனங்களுக்கு மத்தியில் வருண் சக்ரவர்த்திக்கு சேவாக் ஆதரவு!
✅ Found: T20 உலகக் கோப்பை 2026 அரை இறுதியில் இந்தியா தேசிய ...
📡 Scraping summary for: இன்றைய தங்கம் விலை நிலவரம் என்ன?
✅ Found: சென்னையில் தங்கம் விலை சவரனுக்கு ரூ.720 உயர்ந்து ர...
📡 Scraping summary for: திருச்சி குலுங்கட்டும்.. திமுக வெல்லட்டும் &#8211; முதல்வர் மு.க.ஸ்டாலின் அழைப்பு!
✅ Found: திருச்சி திமுக மாநாட்டுக்கு அழைப்பு விடுத்து முதலம...
📡 Scraping summary for: தமிழ்நாட்டில் ஏப்ரல் 15-க்குள் தேர்தல்? &#8211; வெளியான சீக்ரெட் தகவல்!
✅ Found: தமிழ்நாட்டில் ஏப்ரல் 15க்கு பிறகு தொண்டர்கள் மற்ற ...
📡 Scraping summary for: “தமிழ்நாடு 2030” – பெரிய வளர்ச்சி திட்டங்கள் அறிவிப்பு!
✅ Found: 2030ஆம் ஆண்டிற்குள் ஆதிதிராவிடர், பழங்குடியினர் ஒவ...
📡 Scraping summary for: “கரூர் சம்பவத்துக்கு முதன்மைக் காரணம் விஜய்” – சீமான் பரபரப்பு பேட்டி
✅ Found: விஜய் கரூருக்கு போகலன்னா கூட்டம் இல்ல.. கூட்டம் இல...
📡 Scraping summary for: தலைமுறைக்கு ஒருமுறை தோன்றக்கூடிய பவுலர்தான் பும்ரா -சஞ்சு சாம்சன் புகழாரம்!
✅ Found: இந்த ஆட்ட நாயகன் விருது பும்ராவுக்கு வழங்கப்பட்டிர...
📡 Scraping summary for: 16 வயதுக்குட்பட்டவர்களுக்கு சோஷியல் மீடியா பார்க்க தடை… கர்நாடகத்தில் புதிய ரூல்ஸ்!
✅ Found: கர்நாடகாவில் 16 வயதுக்குட்பட்ட குழந்தைகள், சமூக ஊட...
📡 Scraping summary for: 3 தொகுதிகளுக்கு விருப்ப மனு அளித்துள்ளோம் &#8211; ஓ.பி. ரவீந்திரநாத்!
✅ Found: கம்பம், போடிநாயக்கனூர், ஆண்டிப்பட்டி தொகுதிகளுக்கு...
📡 Scraping summary for: 7-வது நாளில் தீவிரமடைந்த போர்… தெஹ்ரான் மீது இஸ்ரேல் தாக்குதல்!
✅ Found: ஈரான் அடுத்த உச்ச தலைவரை தேர்வு செய்யும் போது, அமெ...
📡 Scraping summary for: ஈரான் போர்க்கப்பலை தாக்கி மூழ்கடித்த US&#8230;உதவியுடன் களமிறங்கிய இந்திய கடற்படை!
✅ Found: விபத்துக்குள்ளான கப்பலில் இருந்தவர்களை கண்டறியும் ...
📡 Scraping summary for: இன்றும் குறைந்த தங்கம் விலை! உற்சாகத்தில் நகைப்பிரியர்கள்!
✅ Found: சென்னையில் தங்கம் விலை ரூ.1,280 குறைந்து சவரனுக்கு...
📡 Scraping summary for: T20WC26 : செமி திரில்! இங்கிலாந்தை வீழ்த்தி இறுதி போட்டிக்குள் நுழைந்த இந்தியா!
✅ Found: வரும் 8ம் தேதி அகமதாபாத்தில் நடைபெறும் இறுதிப் போட...
📡 Scraping summary for: “வருண் பந்துவீச்சில் மாற்றம் தேவை” – கும்ப்ளே கொடுத்த அட்வைஸ்!
✅ Found: வருண் எத்தனை முறை வெளியே திரும்பும் பந்தை வீசியுள்...
📡 Scraping summary for: பாஜகவால் பிஹார் முதல்வர் நிதிஷ் குமார் கடத்தப்பட்டுவிட்டார் -தேஜஸ்வி யாதவ் தாக்கு!
✅ Found: பிஹாரில் நிகழ இருக்கும் அதிகார மாற்றம் என்பது மக்க...
📡 Scraping summary for: ஏன் சுதீஷுக்கு அருகதை இல்லையா?’.. டென்ஷனான பிரேமலதா!
✅ Found: முதலமைச்சர் மு.க.ஸ்டாலின் மற்றும் பிரேமலதா விஜயகாந...
📡 Scraping summary for: அஜர்பைஜான் குற்றச்சாட்டு – ஈரான் ட்ரோன் தாக்குதல்!
✅ Found: நக்சிவன் சர்வதேச விமான நிலையம் மற்றும் ஒரு பள்ளி அ...
📡 Scraping summary for: இந்தியப் பெருங்கடல் பதற்றம்: மௌனம் காக்கும் பிரதமர்?- ராகுல் காந்தி தாக்கு!
✅ Found: நரேந்திர மோடி மத்திய கிழக்கு மற்றும் இந்தியப் பெரு...
📡 Scraping summary for: “குல்தீப்பை கண்டிப்பாக விளையாட வையுங்கள்” – மைக்கேல் வான் அட்வைஸ்!
✅ Found: இந்தப் போட்டியில் குல்தீப் யாதவ் விளையாட வேண்டும் ...
📡 Scraping summary for: “அமெரிக்க மிரட்டலுக்கு பணிய மாட்டோம்” – ஸ்பெயின் பிரதமர் சான்செஸ் பதில்!
✅ Found: அமெரிக்காவின் மிரட்டலுக்கு பணிய மாட்டோம் என ஸ்பெயி...
📡 Scraping summary for: பீகார் முதலமைச்சர் பதவியை ராஜினாமா செய்தார் நிதிஷ் குமார்!
✅ Found: நிதிஷ் குமார் முதல்வர் பதவியிலிருந்து விலக எதிர்ப்...
📡 Scraping summary for: காங்கிரஸ் வேட்பாளர் அறிவிப்பு!
✅ Found: தமிழ்நாட்டில் இருந்து மாநிலங்களவைத் தேர்தலில் காங்...
📡 Scraping summary for: ராஜ்யசபா தேர்தல்; பாமக தலைவர் அன்புமணி வேட்புமனு தாக்கல்!
✅ Found: அதிமுக கூட்டணியில் பாமகவுக்கு ஒரு மாநிலங்களவை இடம்...
📡 Scraping summary for: மீண்டும் குறைந்தது தங்கம் விலை.! இன்று இதுதான் ரேட்!
✅ Found: சென்னை : சென்னையில் ஆபரணத் தங்க விலை இன்று (மார்ச்...
📡 Scraping summary for: போன வருஷம் மாதிரி இந்த வருஷமும் சதம் அடிப்பார்&#8230;அபிஷேக் குறித்து மோர்னே மோர்கல்!
✅ Found: கடந்த ஆண்டு இங்கிலாந்துக்கு எதிராக அபிஷேக் சர்மா ச...
📡 Scraping summary for: “புதிய ஈரான் தலைவரையும் அழிப்போம்” – இஸ்ரேல் கடும் எச்சரிக்கை!
✅ Found: ஈரான் உச்ச தலைவர் பதவிக்கு யார் வந்தாலும் படுகொலை ...
📡 Scraping summary for: போர் தொடரும் எச்சரிக்கை&#8230;இஸ்ரேல் &#8211; ஈரான் போரில் 1,164 பேர் உயிரிழப்பு!
✅ Found: இஸ்ரேல் - ஈரான் இடையிலான போரில் கடந்த 4 நாட்களாககு...
📡 Scraping summary for: 500 குடும்ப அட்டைகளுக்கு ஒரு ரேசன் கடை அமைக்கப்படும்&#8230;விஜய்யின் வாக்குறுதிகள்!!
✅ Found: 500 ரேஷன் கார்டுகளுக்கு ஒரு ரேஷன் கடை. பெண்ணுக்கு ...
📡 Scraping summary for: இந்திய அணியில் பலவீனம் இருக்கிறது – முன்னாள் இங்கிலாந்து கேப்டன் பேச்சு!
✅ Found: இந்தியாவின் குறைபாடுகள் இருந்தபோதிலும், சொந்த அணிய...
📡 Scraping summary for: இந்தித் திணிப்பு : கொட்டமும், ஆணவமும் கூடிக்கொண்டே போகிறது -முதலமைச்சர் மு.க.ஸ்டாலின் காட்டம்
✅ Found: இந்தித் திணிப்பு வெறியில் எல்லை மீறிச் சென்று கொண்...
📡 Scraping summary for: தமிழ்நாடு தான் TVK, TVK தான் தமிழ்நாடு &#8211; விஜய் ஸ்பீச்!
✅ Found: ஊழலற்ற உண்மையான சமூக நீதியை நிலை நாட்ட த வெ க ஆட்ச...
📡 Scraping summary for: மத்திய கிழக்கு நாடுகளில் நிலவும் போர்&#8230;டாக்ஸிக் ரிலீஸ் ஒத்திவைப்பு!
✅ Found: மத்திய கிழக்கு நாடுகளில் நிலவும் போர் பதற்றம் காரண...
📡 Scraping summary for: தாக்குதலை தீவிரப்படுத்திய இஸ்ரேல்&#8230;5-வது நாளாக நீடிக்கும் போர்!
✅ Found: ஈரான் மீதான தாக்குதலை 5-வது நாளாக இஸ்ரேல் தீவிரபடு...
📡 Scraping summary for: தங்கம், வெள்ளியின் இன்றைய விலை நிலவரம் என்ன?
✅ Found: 22 கேரட் ஆபரணத் தங்கம் விலை சவரனுக்கு ரூ.2,120 குற...
📡 Scraping summary for: கருத்து வேறுபாடுகள் இருப்பது மனித இயல்பு &#8211; காங்கிரஸ் எம்.பி. மாணிக்கம் தாகூர்!
✅ Found: தலைமையினர் எடுக்கும் முடிவுகள் எப்போதும் நம் விருப...
📡 Scraping summary for: மத்திய கிழக்கு பதற்றம்! இந்தியாவில் பெட்ரோல், டீசல் விலை உயருமா?
✅ Found: கச்சா எண்ணெய் விலை உயர்ந்தாலும் பெட்ரோல், டீசல் வி...
📡 Scraping summary for: தஞ்சையை தொடர்ந்து நெல்லையில் விஜயின் அடுத்த நிர்வாகிகள் சந்திப்பு!
✅ Found: நாளை தஞ்சை நிர்வாகிகள் சந்திப்பை தொடர்ந்து நெல்லைய...
📡 Scraping summary for: விரிவடையும் போர்&#8230;உயிரிழப்பு 787 – ஈரான் ரெட் க்ரசெண்ட் அதிர்ச்சி தகவல்!
✅ Found: இஸ்ரேல் ராணுவ தரைப்படை லெபனானில் நுழைந்து தாக்குதல...
📡 Scraping summary for: பேச்சுவார்த்தையில் இழுபறி இல்லை &#8211; செல்வப்பெருந்தகை விளக்கம்!
✅ Found: திமுக எங்களுக்கு கெடு விதிக்கவில்லை, பேச்சுவார்த்த...
📡 Scraping summary for: “பதற்றமான நாட்கள்…” – பாதுகாப்பாக திரும்பிய பி.வி.சிந்து பதிவு!
✅ Found: ஈரானுடனான மோதலுக்கு மத்தியில் துபாயிலிருந்து பத்தி...
📡 Scraping summary for: 49 போட்டியில் 36 வெற்றி – SKY கேப்டன்சி தொடருமா?
✅ Found: T20 உலகக் கோப்பைக்குப் பிறகு சூர்யகுமார் யாதவை (SK...
📡 Scraping summary for: ஹார்முஸ் நீரிணை மூடல் – உலக எண்ணெய் சந்தைக்கு பெரிய அதிர்ச்சி!
✅ Found: இந்த நீரிணை வழியாக எரிவாயு மற்றும் எண்ணெய் கொண்டு ...
📡 Scraping summary for: நாங்குநேரியில் கொடூர தாக்குதல் – 2 பேர் பலி, 6 பேர் படுகாயம்!
✅ Found: நெல்லை, நாங்குநேரியில் டீக்கடை அருகே நின்றிருந்த 2...
📡 Scraping summary for: விளிம்புநிலை மக்களுக்கு ரூ.2000 சிறப்பு நிதி – முதல்வர் மு.க.ஸ்டாலின் அறிவிப்பு!
✅ Found: நம்பிக்கையுடன் அவர்கள் வைத்த கோரிக்கையை இன்று நிறை...
📡 Scraping summary for: சசிகலா குறித்து பேச்சே இல்லை &#8230;அமித்ஷாவை சந்தித்த பிறகு இபிஎஸ் பேட்டி!
✅ Found: NDA கூட்டணியில் மேலும் சில கட்சிகள் இணைய வாய்ப்பு ...
📡 Scraping summary for: போர் எதிரொலி&#8230;இன்று தங்கம் விலை உயர்ந்ததா குறைந்ததா?
✅ Found: சென்னையில் ஆபரணத் தங்கத்தின் விலை சவரனுக்கு ரூ.80 ...
📡 Scraping summary for: ஈரான் விவகாரம்: மௌனம் காக்கும் மத்திய அரசு – சோனியா காந்தி தாக்கு!
✅ Found: ஈரான் உச்ச தலைவர் அலி கமேனி படுகொலை செய்யப்பட்டதை ...
📡 Scraping summary for: குறிவைத்து தாக்கிய ஈரான்! உயிருடன் இருக்கிறாரா இஸ்ரேல் பிரதமர்?
✅ Found: இஸ்ரேல் பிரதமர் அலுவலகத்தை குறிவைத்து ஏவுகணை தாக்க...
📡 Scraping summary for: ஈரான் மீது தாக்குதல்&#8230;இதுவரை  555 பேர் பலி!
✅ Found: ஈரான் மீது இஸ்ரேல், அமெரிக்கா நடத்திய வான்வழி தாக்...
📡 Scraping summary for: “திமுக–காங்கிரஸ் கூட்டணி வலுவாக உள்ளது” – செல்வப்பெருந்தகை உறுதி!
✅ Found: இது இயற்கையான, கொள்கை சார்ந்த கூட்டணி என தமிழ்நாடு...
📡 Scraping summary for: “விராட், ரோஹித்திடம் கற்றேன்” &#8211; ஆட்டநாயகன் சஞ்சு சாம்சன் ஓபன் டாக்!
✅ Found: விராட், ரோஹித் போன்ற சிறந்த வீரர்களின் ஆட்டத்தை கவ...
📡 Scraping summary for: மேம்பாலப் பணிகள் தாமதத்திற்கு அதிமுகதான் காரணம்&#8230;முதலமைச்சர் மு.க. ஸ்டாலின்!
✅ Found: மதுரவாயல் - துறைமுகம் மேம்பாலப் பணிகள் தாமதத்திற்க...
📡 Scraping summary for: விரிவடையும் போர்..லெபனான் முழுவதும் இஸ்ரேல் தாக்குதல்..31 பேர் பலி!
✅ Found: லெபனான் தலைநகர் பெய்ரூட் உட்பட அந்நாடு முழுவதும் ப...
📡 Scraping summary for: போர் பதற்றம்! இந்தியாவில் வன்முறை வெடிக்க வாய்ப்பு&#8230; மத்திய அரசு அலர்ட்!
✅ Found: ஈரான் போர் - இந்தியாவில் வன்முறை வெடிக்க வாய்ப்பு,...
📡 Scraping summary for: அதிரடியாக குறைந்த தங்கம் விலை&#8230;இன்றைய ரேட் இதோ!
✅ Found: சென்னையில் ஆபரணத் தங்கத்தின் விலை சவரனுக்கு ரூ.920...
📡 Scraping summary for: மத்திய கிழக்கில் பதற்றம் உச்சம் – காமேனி குறித்த அதிர்ச்சி தகவல்!
✅ Found: ஈரான் உயர் தலைவராக இருந்த அயதுல்லா காமேனி, அமெரிக்...
📡 Scraping summary for: ஈரானில் கொடூரம் – பள்ளி தாக்குதலில் 165 மாணவிகள் பலி!
✅ Found: பிப்.28 அன்று நடத்திய ஏவுகணை தாக்குதலில், உயிரிழந்...
🎉 Done!
 அமைக்கப்படும்&#8230;விஜய்யின் வாக்குறுதிகள்!!
📡 Fetching SEO summary for: இந்திய அணியில் பலவீனம் இருக்கிறது – முன்னாள் இங்கிலாந்து கேப்டன் பேச்சு!
⚠️ No SEO description found for இந்திய அணியில் பலவீனம் இருக்கிறது – முன்னாள் இங்கிலாந்து கேப்டன் பேச்சு!
📡 Fetching SEO summary for: இந்தித் திணிப்பு : கொட்டமும், ஆணவமும் கூடிக்கொண்டே போகிறது -முதலமைச்சர் மு.க.ஸ்டாலின் காட்டம்
⚠️ No SEO description found for இந்தித் திணிப்பு : கொட்டமும், ஆணவமும் கூடிக்கொண்டே போகிறது -முதலமைச்சர் மு.க.ஸ்டாலின் காட்டம்
📡 Fetching SEO summary for: தமிழ்நாடு தான் TVK, TVK தான் தமிழ்நாடு &#8211; விஜய் ஸ்பீச்!
⚠️ No SEO description found for தமிழ்நாடு தான் TVK, TVK தான் தமிழ்நாடு &#8211; விஜய் ஸ்பீச்!
📡 Fetching SEO summary for: மத்திய கிழக்கு நாடுகளில் நிலவும் போர்&#8230;டாக்ஸிக் ரிலீஸ் ஒத்திவைப்பு!
⚠️ No SEO description found for மத்திய கிழக்கு நாடுகளில் நிலவும் போர்&#8230;டாக்ஸிக் ரிலீஸ் ஒத்திவைப்பு!
📡 Fetching SEO summary for: தாக்குதலை தீவிரப்படுத்திய இஸ்ரேல்&#8230;5-வது நாளாக நீடிக்கும் போர்!
⚠️ No SEO description found for தாக்குதலை தீவிரப்படுத்திய இஸ்ரேல்&#8230;5-வது நாளாக நீடிக்கும் போர்!
📡 Fetching SEO summary for: தங்கம், வெள்ளியின் இன்றைய விலை நிலவரம் என்ன?
⚠️ No SEO description found for தங்கம், வெள்ளியின் இன்றைய விலை நிலவரம் என்ன?
📡 Fetching SEO summary for: கருத்து வேறுபாடுகள் இருப்பது மனித இயல்பு &#8211; காங்கிரஸ் எம்.பி. மாணிக்கம் தாகூர்!
⚠️ No SEO description found for கருத்து வேறுபாடுகள் இருப்பது மனித இயல்பு &#8211; காங்கிரஸ் எம்.பி. மாணிக்கம் தாகூர்!
📡 Fetching SEO summary for: மத்திய கிழக்கு பதற்றம்! இந்தியாவில் பெட்ரோல், டீசல் விலை உயருமா?
⚠️ No SEO description found for மத்திய கிழக்கு பதற்றம்! இந்தியாவில் பெட்ரோல், டீசல் விலை உயருமா?
📡 Fetching SEO summary for: தஞ்சையை தொடர்ந்து நெல்லையில் விஜயின் அடுத்த நிர்வாகிகள் சந்திப்பு!
⚠️ No SEO description found for தஞ்சையை தொடர்ந்து நெல்லையில் விஜயின் அடுத்த நிர்வாகிகள் சந்திப்பு!
📡 Fetching SEO summary for: விரிவடையும் போர்&#8230;உயிரிழப்பு 787 – ஈரான் ரெட் க்ரசெண்ட் அதிர்ச்சி தகவல்!
⚠️ No SEO description found for விரிவடையும் போர்&#8230;உயிரிழப்பு 787 – ஈரான் ரெட் க்ரசெண்ட் அதிர்ச்சி தகவல்!
📡 Fetching SEO summary for: பேச்சுவார்த்தையில் இழுபறி இல்லை &#8211; செல்வப்பெருந்தகை விளக்கம்!
⚠️ No SEO description found for பேச்சுவார்த்தையில் இழுபறி இல்லை &#8211; செல்வப்பெருந்தகை விளக்கம்!
📡 Fetching SEO summary for: “பதற்றமான நாட்கள்…” – பாதுகாப்பாக திரும்பிய பி.வி.சிந்து பதிவு!
⚠️ No SEO description found for “பதற்றமான நாட்கள்…” – பாதுகாப்பாக திரும்பிய பி.வி.சிந்து பதிவு!
📡 Fetching SEO summary for: 49 போட்டியில் 36 வெற்றி – SKY கேப்டன்சி தொடருமா?
⚠️ No SEO description found for 49 போட்டியில் 36 வெற்றி – SKY கேப்டன்சி தொடருமா?
📡 Fetching SEO summary for: ஹார்முஸ் நீரிணை மூடல் – உலக எண்ணெய் சந்தைக்கு பெரிய அதிர்ச்சி!
⚠️ No SEO description found for ஹார்முஸ் நீரிணை மூடல் – உலக எண்ணெய் சந்தைக்கு பெரிய அதிர்ச்சி!
📡 Fetching SEO summary for: நாங்குநேரியில் கொடூர தாக்குதல் – 2 பேர் பலி, 6 பேர் படுகாயம்!
⚠️ No SEO description found for நாங்குநேரியில் கொடூர தாக்குதல் – 2 பேர் பலி, 6 பேர் படுகாயம்!
📡 Fetching SEO summary for: விளிம்புநிலை மக்களுக்கு ரூ.2000 சிறப்பு நிதி – முதல்வர் மு.க.ஸ்டாலின் அறிவிப்பு!
⚠️ No SEO description found for விளிம்புநிலை மக்களுக்கு ரூ.2000 சிறப்பு நிதி – முதல்வர் மு.க.ஸ்டாலின் அறிவிப்பு!
📡 Fetching SEO summary for: சசிகலா குறித்து பேச்சே இல்லை &#8230;அமித்ஷாவை சந்தித்த பிறகு இபிஎஸ் பேட்டி!
⚠️ No SEO description found for சசிகலா குறித்து பேச்சே இல்லை &#8230;அமித்ஷாவை சந்தித்த பிறகு இபிஎஸ் பேட்டி!
📡 Fetching SEO summary for: போர் எதிரொலி&#8230;இன்று தங்கம் விலை உயர்ந்ததா குறைந்ததா?
⚠️ No SEO description found for போர் எதிரொலி&#8230;இன்று தங்கம் விலை உயர்ந்ததா குறைந்ததா?
📡 Fetching SEO summary for: ஈரான் விவகாரம்: மௌனம் காக்கும் மத்திய அரசு – சோனியா காந்தி தாக்கு!
⚠️ No SEO description found for ஈரான் விவகாரம்: மௌனம் காக்கும் மத்திய அரசு – சோனியா காந்தி தாக்கு!
📡 Fetching SEO summary for: குறிவைத்து தாக்கிய ஈரான்! உயிருடன் இருக்கிறாரா இஸ்ரேல் பிரதமர்?
⚠️ No SEO description found for குறிவைத்து தாக்கிய ஈரான்! உயிருடன் இருக்கிறாரா இஸ்ரேல் பிரதமர்?
📡 Fetching SEO summary for: ஈரான் மீது தாக்குதல்&#8230;இதுவரை  555 பேர் பலி!
⚠️ No SEO description found for ஈரான் மீது தாக்குதல்&#8230;இதுவரை  555 பேர் பலி!
📡 Fetching SEO summary for: “திமுக–காங்கிரஸ் கூட்டணி வலுவாக உள்ளது” – செல்வப்பெருந்தகை உறுதி!
⚠️ No SEO description found for “திமுக–காங்கிரஸ் கூட்டணி வலுவாக உள்ளது” – செல்வப்பெருந்தகை உறுதி!
📡 Fetching SEO summary for: “விராட், ரோஹித்திடம் கற்றேன்” &#8211; ஆட்டநாயகன் சஞ்சு சாம்சன் ஓபன் டாக்!
⚠️ No SEO description found for “விராட், ரோஹித்திடம் கற்றேன்” &#8211; ஆட்டநாயகன் சஞ்சு சாம்சன் ஓபன் டாக்!
📡 Fetching SEO summary for: மேம்பாலப் பணிகள் தாமதத்திற்கு அதிமுகதான் காரணம்&#8230;முதலமைச்சர் மு.க. ஸ்டாலின்!
⚠️ No SEO description found for மேம்பாலப் பணிகள் தாமதத்திற்கு அதிமுகதான் காரணம்&#8230;முதலமைச்சர் மு.க. ஸ்டாலின்!
📡 Fetching SEO summary for: விரிவடையும் போர்..லெபனான் முழுவதும் இஸ்ரேல் தாக்குதல்..31 பேர் பலி!
⚠️ No SEO description found for விரிவடையும் போர்..லெபனான் முழுவதும் இஸ்ரேல் தாக்குதல்..31 பேர் பலி!
📡 Fetching SEO summary for: போர் பதற்றம்! இந்தியாவில் வன்முறை வெடிக்க வாய்ப்பு&#8230; மத்திய அரசு அலர்ட்!
⚠️ No SEO description found for போர் பதற்றம்! இந்தியாவில் வன்முறை வெடிக்க வாய்ப்பு&#8230; மத்திய அரசு அலர்ட்!
📡 Fetching SEO summary for: அதிரடியாக குறைந்த தங்கம் விலை&#8230;இன்றைய ரேட் இதோ!
⚠️ No SEO description found for அதிரடியாக குறைந்த தங்கம் விலை&#8230;இன்றைய ரேட் இதோ!
📡 Fetching SEO summary for: மத்திய கிழக்கில் பதற்றம் உச்சம் – காமேனி குறித்த அதிர்ச்சி தகவல்!
⚠️ No SEO description found for மத்திய கிழக்கில் பதற்றம் உச்சம் – காமேனி குறித்த அதிர்ச்சி தகவல்!
📡 Fetching SEO summary for: ஈரானில் கொடூரம் – பள்ளி தாக்குதலில் 165 மாணவிகள் பலி!
⚠️ No SEO description found for ஈரானில் கொடூரம் – பள்ளி தாக்குதலில் 165 மாணவிகள் பலி!
🎉 Done!
